<?xml version="1.0" encoding="UTF-8"?>
<testng-results ignored="0" total="1" passed="1" failed="0" skipped="0">
  <reporter-output>
  </reporter-output>
  <suite started-at="2025-05-19T12:09:33 IST" name="Suite" finished-at="2025-05-19T12:09:47 IST" duration-ms="13854">
    <groups>
    </groups>
    <test started-at="2025-05-19T12:09:33 IST" name="Test" finished-at="2025-05-19T12:09:47 IST" duration-ms="13854">
      <class name="adarshgowda.SeleniumTestNG.LoginTest">
        <test-method is-config="true" signature="launchApplication()[pri:0, instance:adarshgowda.SeleniumTestNG.LoginTest@5c6648b0]" started-at="2025-05-19T12:09:33 IST" name="launchApplication" finished-at="2025-05-19T12:09:38 IST" duration-ms="4762" status="PASS">
          <reporter-output>
          </reporter-output>
        </test-method> <!-- launchApplication -->
        <test-method signature="login()[pri:0, instance:adarshgowda.SeleniumTestNG.LoginTest@5c6648b0]" started-at="2025-05-19T12:09:38 IST" name="login" finished-at="2025-05-19T12:09:46 IST" duration-ms="8845" status="PASS">
          <reporter-output>
          </reporter-output>
        </test-method> <!-- login -->
        <test-method is-config="true" signature="quite()[pri:0, instance:adarshgowda.SeleniumTestNG.LoginTest@5c6648b0]" started-at="2025-05-19T12:09:46 IST" name="quite" finished-at="2025-05-19T12:09:47 IST" duration-ms="230" status="PASS">
          <reporter-output>
          </reporter-output>
        </test-method> <!-- quite -->
      </class> <!-- adarshgowda.SeleniumTestNG.LoginTest -->
    </test> <!-- Test -->
  </suite> <!-- Suite -->
</testng-results>
